\BOOKMARK [1][-]{Doc-Start}{\376\377\000L\000E\000M\000B\000A\000R\000\040\000P\000E\000N\000G\000E\000S\000A\000H\000A\000N\000\040\000K\000O\000O\000R\000D\000I\000N\000A\000T\000O\000R}{}% 1
\BOOKMARK [1][-]{Doc-Start}{\376\377\000K\000A\000T\000A\000\040\000P\000E\000N\000G\000A\000N\000T\000A\000R}{}% 2
\BOOKMARK [1][-]{Doc-Start}{\376\377\000D\000A\000F\000T\000A\000R\000\040\000I\000S\000I}{}% 3
\BOOKMARK [1][-]{Doc-Start}{\376\377\000B\000A\000B\000\040\000I\000\040\000P\000E\000N\000D\000A\000H\000U\000L\000U\000A\000N}{}% 4
\BOOKMARK [2][-]{subsection.1.1}{\376\377\000L\000a\000t\000a\000r\000\040\000B\000e\000l\000a\000k\000a\000n\000g}{Doc-Start}% 5
\BOOKMARK [2][-]{subsection.1.2}{\376\377\000T\000u\000j\000u\000a\000n}{Doc-Start}% 6
\BOOKMARK [2][-]{subsection.1.3}{\376\377\000M\000a\000n\000f\000a\000a\000t}{Doc-Start}% 7
\BOOKMARK [2][-]{subsection.1.4}{\376\377\000R\000u\000a\000n\000g\000\040\000L\000i\000n\000g\000k\000u\000p\000\040\000\050\000S\000a\000s\000a\000r\000a\000n}{Doc-Start}% 8
\BOOKMARK [1][-]{Item.8}{\376\377\000B\000A\000B\000\040\000I\000I\000\040\000P\000E\000L\000A\000K\000S\000A\000N\000A\000A\000N\000\040\000K\000E\000G\000I\000A\000T\000A\000N}{}% 9
\BOOKMARK [2][-]{subsection.2.1}{\376\377\000W\000a\000k\000t\000u\000\040\000d\000a\000n\000\040\000T\000e\000m\000p\000a\000t\000\040\000K\000e\000g\000i\000a\000t\000a\000n}{Item.8}% 10
\BOOKMARK [2][-]{subsection.2.2}{\376\377\000J\000a\000d\000w\000a\000l\000\040\000K\000e\000g\000i\000a\000t\000a\000n}{Item.8}% 11
\BOOKMARK [2][-]{subsection.2.3}{\376\377\000A\000l\000a\000t\000\040\000d\000a\000n\000\040\000B\000a\000h\000a\000n}{Item.8}% 12
\BOOKMARK [2][-]{subsection.2.4}{\376\377\000L\000a\000n\000g\000k\000a\000h\000\040\000L\000a\000n\000g\000k\000a\000h\000\040\000P\000e\000m\000b\000u\000a\000t\000a\000n\000\040\000P\000r\000o\000d\000u\000k}{Item.8}% 13
\BOOKMARK [3][-]{subsubsection.2.4.1}{\376\377\000T\000a\000h\000a\000p\000\040\000P\000e\000r\000s\000i\000a\000p\000a\000n}{subsection.2.4}% 14
\BOOKMARK [3][-]{subsubsection.2.4.2}{\376\377\000T\000a\000h\000a\000p\000\040\000P\000e\000l\000a\000k\000s\000a\000n\000a\000a\000n}{subsection.2.4}% 15
\BOOKMARK [3][-]{subsubsection.2.4.3}{\376\377\000T\000a\000h\000a\000p\000\040\000P\000e\000n\000y\000u\000s\000u\000n\000a\000n\000\040\000L\000a\000p\000o\000r\000a\000n}{subsection.2.4}% 16
\BOOKMARK [1][-]{subsubsection.2.4.3}{\376\377\000B\000A\000B\000\040\000I\000I\000I\000\040\000K\000E\000S\000I\000M\000P\000U\000L\000A\000N\000\040\000D\000A\000N\000\040\000S\000A\000R\000A\000N}{}% 17
\BOOKMARK [2][-]{subsection.3.1}{\376\377\000K\000e\000s\000i\000m\000p\000u\000l\000a\000n}{subsubsection.2.4.3}% 18
\BOOKMARK [2][-]{subsection.3.2}{\376\377\000S\000a\000r\000a\000n}{subsubsection.2.4.3}% 19
\BOOKMARK [1][-]{Item.17}{\376\377\000D\000A\000F\000T\000A\000R\000\040\000P\000U\000S\000T\000A\000K\000A}{}% 20
\BOOKMARK [1][-]{Item.17}{\376\377\000L\000A\000M\000P\000I\000R\000A\000N}{}% 21
